[2022-12-30 09:23:23] local.ERROR: cURL error 60: SSL certificate problem: unable to get local issuer certificate (see https://curl.haxx.se/libcurl/c/libcurl-errors.html) for https://larasocket.com/api/broadcast {"exception":"[object] (GuzzleHttp\\Exception\\RequestException(code: 0): cURL error 60: SSL certificate problem: unable to get local issuer certificate (see https://curl.haxx.se/libcurl/c/libcurl-errors.html) for https://larasocket.com/api/broadcast at C:\\Apache24\\htdocs\\larasocket-test\\vendor\\guzzlehttp\\guzzle\\src\\Handler\\CurlFactory.php:211)
[stacktrace]
#0 C:\\Apache24\\htdocs\\larasocket-test\\vendor\\guzzlehttp\\guzzle\\src\\Handler\\CurlFactory.php(158): GuzzleHttp\\Handler\\CurlFactory::createRejection()
#1 C:\\Apache24\\htdocs\\larasocket-test\\vendor\\guzzlehttp\\guzzle\\src\\Handler\\CurlFactory.php(110): GuzzleHttp\\Handler\\CurlFactory::finishError()
#2 C:\\Apache24\\htdocs\\larasocket-test\\vendor\\guzzlehttp\\guzzle\\src\\Handler\\CurlHandler.php(47): GuzzleHttp\\Handler\\CurlFactory::finish()
#3 C:\\Apache24\\htdocs\\larasocket-test\\vendor\\guzzlehttp\\guzzle\\src\\Handler\\Proxy.php(28): GuzzleHttp\\Handler\\CurlHandler->__invoke()
#4 C:\\Apache24\\htdocs\\larasocket-test\\vendor\\guzzlehttp\\guzzle\\src\\Handler\\Proxy.php(48): GuzzleHttp\\Handler\\Proxy::GuzzleHttp\\Handler\\{closure}()
#5 C:\\Apache24\\htdocs\\larasocket-test\\vendor\\laravel\\framework\\src\\Illuminate\\Http\\Client\\PendingRequest.php(1114): GuzzleHttp\\Handler\\Proxy::GuzzleHttp\\Handler\\{closure}()
#6 C:\\Apache24\\htdocs\\larasocket-test\\vendor\\laravel\\framework\\src\\Illuminate\\Http\\Client\\PendingRequest.php(1080): Illuminate\\Http\\Client\\PendingRequest->Illuminate\\Http\\Client\\{closure}()
#7 C:\\Apache24\\htdocs\\larasocket-test\\vendor\\laravel\\framework\\src\\Illuminate\\Http\\Client\\PendingRequest.php(1066): Illuminate\\Http\\Client\\PendingRequest->Illuminate\\Http\\Client\\{closure}()
#8 C:\\Apache24\\htdocs\\larasocket-test\\vendor\\guzzlehttp\\guzzle\\src\\PrepareBodyMiddleware.php(64): Illuminate\\Http\\Client\\PendingRequest->Illuminate\\Http\\Client\\{closure}()
#9 C:\\Apache24\\htdocs\\larasocket-test\\vendor\\guzzlehttp\\guzzle\\src\\Middleware.php(37): GuzzleHttp\\PrepareBodyMiddleware->__invoke()
#10 C:\\Apache24\\htdocs\\larasocket-test\\vendor\\guzzlehttp\\guzzle\\src\\RedirectMiddleware.php(71): GuzzleHttp\\Middleware::GuzzleHttp\\{closure}()
#11 C:\\Apache24\\htdocs\\larasocket-test\\vendor\\guzzlehttp\\guzzle\\src\\Middleware.php(61): GuzzleHttp\\RedirectMiddleware->__invoke()
#12 C:\\Apache24\\htdocs\\larasocket-test\\vendor\\guzzlehttp\\guzzle\\src\\HandlerStack.php(75): GuzzleHttp\\Middleware::GuzzleHttp\\{closure}()
#13 C:\\Apache24\\htdocs\\larasocket-test\\vendor\\guzzlehttp\\guzzle\\src\\Client.php(331): GuzzleHttp\\HandlerStack->__invoke()
#14 C:\\Apache24\\htdocs\\larasocket-test\\vendor\\guzzlehttp\\guzzle\\src\\Client.php(168): GuzzleHttp\\Client->transfer()
#15 C:\\Apache24\\htdocs\\larasocket-test\\vendor\\guzzlehttp\\guzzle\\src\\Client.php(187): GuzzleHttp\\Client->requestAsync()
#16 C:\\Apache24\\htdocs\\larasocket-test\\vendor\\laravel\\framework\\src\\Illuminate\\Http\\Client\\PendingRequest.php(925): GuzzleHttp\\Client->request()
#17 C:\\Apache24\\htdocs\\larasocket-test\\vendor\\laravel\\framework\\src\\Illuminate\\Http\\Client\\PendingRequest.php(798): Illuminate\\Http\\Client\\PendingRequest->sendRequest()
#18 C:\\Apache24\\htdocs\\larasocket-test\\vendor\\laravel\\framework\\src\\Illuminate\\Support\\helpers.php(247): Illuminate\\Http\\Client\\PendingRequest->Illuminate\\Http\\Client\\{closure}()
#19 C:\\Apache24\\htdocs\\larasocket-test\\vendor\\laravel\\framework\\src\\Illuminate\\Http\\Client\\PendingRequest.php(796): retry()
#20 C:\\Apache24\\htdocs\\larasocket-test\\vendor\\laravel\\framework\\src\\Illuminate\\Http\\Client\\PendingRequest.php(704): Illuminate\\Http\\Client\\PendingRequest->send()
#21 C:\\Apache24\\htdocs\\larasocket-test\\vendor\\larasocket\\larasocket-driver\\src\\LarasocketBroadcaster.php(140): Illuminate\\Http\\Client\\PendingRequest->post()
#22 C:\\Apache24\\htdocs\\larasocket-test\\vendor\\larasocket\\larasocket-driver\\src\\LarasocketBroadcaster.php(100): Larasocket\\LarasocketBroadcaster->trigger()
#23 C:\\Apache24\\htdocs\\larasocket-test\\vendor\\laravel\\framework\\src\\Illuminate\\Broadcasting\\BroadcastEvent.php(84): Larasocket\\LarasocketBroadcaster->broadcast()
#24 C:\\Apache24\\htdocs\\larasocket-test\\vendor\\laravel\\framework\\src\\Illuminate\\Container\\BoundMethod.php(36): Illuminate\\Broadcasting\\BroadcastEvent->handle()
#25 C:\\Apache24\\htdocs\\larasocket-test\\vendor\\laravel\\framework\\src\\Illuminate\\Container\\Util.php(41): Illuminate\\Container\\BoundMethod::Illuminate\\Container\\{closure}()
#26 C:\\Apache24\\htdocs\\larasocket-test\\vendor\\laravel\\framework\\src\\Illuminate\\Container\\BoundMethod.php(93): Illuminate\\Container\\Util::unwrapIfClosure()
#27 C:\\Apache24\\htdocs\\larasocket-test\\vendor\\laravel\\framework\\src\\Illuminate\\Container\\BoundMethod.php(35): Illuminate\\Container\\BoundMethod::callBoundMethod()
#28 C:\\Apache24\\htdocs\\larasocket-test\\vendor\\laravel\\framework\\src\\Illuminate\\Container\\Container.php(651): Illuminate\\Container\\BoundMethod::call()
#29 C:\\Apache24\\htdocs\\larasocket-test\\vendor\\laravel\\framework\\src\\Illuminate\\Bus\\Dispatcher.php(128): Illuminate\\Container\\Container->call()
#30 C:\\Apache24\\htdocs\\larasocket-test\\vendor\\laravel\\framework\\src\\Illuminate\\Pipeline\\Pipeline.php(141): Illuminate\\Bus\\Dispatcher->Illuminate\\Bus\\{closure}()
#31 C:\\Apache24\\htdocs\\larasocket-test\\vendor\\laravel\\framework\\src\\Illuminate\\Pipeline\\Pipeline.php(116): Illuminate\\Pipeline\\Pipeline->Illuminate\\Pipeline\\{closure}()
#32 C:\\Apache24\\htdocs\\larasocket-test\\vendor\\laravel\\framework\\src\\Illuminate\\Bus\\Dispatcher.php(132): Illuminate\\Pipeline\\Pipeline->then()
#33 C:\\Apache24\\htdocs\\larasocket-test\\vendor\\laravel\\framework\\src\\Illuminate\\Queue\\CallQueuedHandler.php(123): Illuminate\\Bus\\Dispatcher->dispatchNow()
#34 C:\\Apache24\\htdocs\\larasocket-test\\vendor\\laravel\\framework\\src\\Illuminate\\Pipeline\\Pipeline.php(141): Illuminate\\Queue\\CallQueuedHandler->Illuminate\\Queue\\{closure}()
#35 C:\\Apache24\\htdocs\\larasocket-test\\vendor\\laravel\\framework\\src\\Illuminate\\Pipeline\\Pipeline.php(116): Illuminate\\Pipeline\\Pipeline->Illuminate\\Pipeline\\{closure}()
#36 C:\\Apache24\\htdocs\\larasocket-test\\vendor\\laravel\\framework\\src\\Illuminate\\Queue\\CallQueuedHandler.php(122): Illuminate\\Pipeline\\Pipeline->then()
#37 C:\\Apache24\\htdocs\\larasocket-test\\vendor\\laravel\\framework\\src\\Illuminate\\Queue\\CallQueuedHandler.php(70): Illuminate\\Queue\\CallQueuedHandler->dispatchThroughMiddleware()
#38 C:\\Apache24\\htdocs\\larasocket-test\\vendor\\laravel\\framework\\src\\Illuminate\\Queue\\Jobs\\Job.php(98): Illuminate\\Queue\\CallQueuedHandler->call()
#39 C:\\Apache24\\htdocs\\larasocket-test\\vendor\\laravel\\framework\\src\\Illuminate\\Queue\\SyncQueue.php(43): Illuminate\\Queue\\Jobs\\Job->fire()
#40 C:\\Apache24\\htdocs\\larasocket-test\\vendor\\laravel\\framework\\src\\Illuminate\\Queue\\Queue.php(57): Illuminate\\Queue\\SyncQueue->push()
#41 C:\\Apache24\\htdocs\\larasocket-test\\vendor\\laravel\\framework\\src\\Illuminate\\Broadcasting\\BroadcastManager.php(183): Illuminate\\Queue\\Queue->pushOn()
#42 C:\\Apache24\\htdocs\\larasocket-test\\vendor\\laravel\\framework\\src\\Illuminate\\Events\\Dispatcher.php(320): Illuminate\\Broadcasting\\BroadcastManager->queue()
#43 C:\\Apache24\\htdocs\\larasocket-test\\vendor\\laravel\\framework\\src\\Illuminate\\Events\\Dispatcher.php(243): Illuminate\\Events\\Dispatcher->broadcastEvent()
#44 C:\\Apache24\\htdocs\\larasocket-test\\vendor\\laravel\\framework\\src\\Illuminate\\Foundation\\helpers.php(451): Illuminate\\Events\\Dispatcher->dispatch()
#45 C:\\Apache24\\htdocs\\larasocket-test\\vendor\\laravel\\framework\\src\\Illuminate\\Foundation\\Events\\Dispatchable.php(14): event()
#46 C:\\Apache24\\htdocs\\larasocket-test\\app\\Console\\Commands\\SendMessage.php(32): App\\Events\\ChatEvent::dispatch()
#47 C:\\Apache24\\htdocs\\larasocket-test\\vendor\\laravel\\framework\\src\\Illuminate\\Container\\BoundMethod.php(36): App\\Console\\Commands\\SendMessage->handle()
#48 C:\\Apache24\\htdocs\\larasocket-test\\vendor\\laravel\\framework\\src\\Illuminate\\Container\\Util.php(41): Illuminate\\Container\\BoundMethod::Illuminate\\Container\\{closure}()
#49 C:\\Apache24\\htdocs\\larasocket-test\\vendor\\laravel\\framework\\src\\Illuminate\\Container\\BoundMethod.php(93): Illuminate\\Container\\Util::unwrapIfClosure()
#50 C:\\Apache24\\htdocs\\larasocket-test\\vendor\\laravel\\framework\\src\\Illuminate\\Container\\BoundMethod.php(35): Illuminate\\Container\\BoundMethod::callBoundMethod()
#51 C:\\Apache24\\htdocs\\larasocket-test\\vendor\\laravel\\framework\\src\\Illuminate\\Container\\Container.php(651): Illuminate\\Container\\BoundMethod::call()
#52 C:\\Apache24\\htdocs\\larasocket-test\\vendor\\laravel\\framework\\src\\Illuminate\\Console\\Command.php(182): Illuminate\\Container\\Container->call()
#53 C:\\Apache24\\htdocs\\larasocket-test\\vendor\\symfony\\console\\Command\\Command.php(312): Illuminate\\Console\\Command->execute()
#54 C:\\Apache24\\htdocs\\larasocket-test\\vendor\\laravel\\framework\\src\\Illuminate\\Console\\Command.php(151): Symfony\\Component\\Console\\Command\\Command->run()
#55 C:\\Apache24\\htdocs\\larasocket-test\\vendor\\symfony\\console\\Application.php(1022): Illuminate\\Console\\Command->run()
#56 C:\\Apache24\\htdocs\\larasocket-test\\vendor\\symfony\\console\\Application.php(314): Symfony\\Component\\Console\\Application->doRunCommand()
#57 C:\\Apache24\\htdocs\\larasocket-test\\vendor\\symfony\\console\\Application.php(168): Symfony\\Component\\Console\\Application->doRun()
#58 C:\\Apache24\\htdocs\\larasocket-test\\vendor\\laravel\\framework\\src\\Illuminate\\Console\\Application.php(102): Symfony\\Component\\Console\\Application->run()
#59 C:\\Apache24\\htdocs\\larasocket-test\\vendor\\laravel\\framework\\src\\Illuminate\\Foundation\\Console\\Kernel.php(155): Illuminate\\Console\\Application->run()
#60 C:\\Apache24\\htdocs\\larasocket-test\\artisan(35): Illuminate\\Foundation\\Console\\Kernel->handle()
#61 {main}
"} 
